<component name="libraryTable">
  <library name="junit-4.13.2">
    <CLASSES>
      <root url="jar://$PROJECT_DIR$/selenium-java/junit-4.13.2.jar!/" />
      <root url="jar://$PROJECT_DIR$/selenium-java/selenium-api-4.11.0.jar!/" />
      <root url="jar://$PROJECT_DIR$/selenium-java/selenium-chrome-driver-4.11.0.jar!/" />
      <root url="jar://$PROJECT_DIR$/selenium-java/selenium-chromium-driver-4.11.0.jar!/" />
      <root url="jar://$PROJECT_DIR$/selenium-java/selenium-devtools-v85-4.11.0.jar!/" />
      <root url="jar://$PROJECT_DIR$/selenium-java/selenium-devtools-v113-4.11.0.jar!/" />
      <root url="jar://$PROJECT_DIR$/selenium-java/selenium-devtools-v114-4.11.0.jar!/" />
      <root url="jar://$PROJECT_DIR$/selenium-java/selenium-devtools-v115-4.11.0.jar!/" />
      <root url="jar://$PROJECT_DIR$/selenium-java/selenium-edge-driver-4.11.0.jar!/" />
      <root url="jar://$PROJECT_DIR$/selenium-java/selenium-firefox-driver-4.11.0.jar!/" />
      <root url="jar://$PROJECT_DIR$/selenium-java/selenium-http-4.11.0.jar!/" />
      <root url="jar://$PROJECT_DIR$/selenium-java/selenium-ie-driver-4.11.0.jar!/" />
      <root url="jar://$PROJECT_DIR$/selenium-java/selenium-java-4.11.0.jar!/" />
      <root url="jar://$PROJECT_DIR$/selenium-java/selenium-json-4.11.0.jar!/" />
      <root url="jar://$PROJECT_DIR$/selenium-java/selenium-manager-4.11.0.jar!/" />
      <root url="jar://$PROJECT_DIR$/selenium-java/selenium-remote-driver-4.11.0.jar!/" />
      <root url="jar://$PROJECT_DIR$/selenium-java/selenium-safari-driver-4.11.0.jar!/" />
      <root url="jar://$PROJECT_DIR$/selenium-java/selenium-support-4.11.0.jar!/" />
    </CLASSES>
    <JAVADOC />
    <SOURCES>
      <root url="jar://$PROJECT_DIR$/selenium-java/selenium-api-4.11.0-sources.jar!/" />
      <root url="jar://$PROJECT_DIR$/selenium-java/selenium-chrome-driver-4.11.0-sources.jar!/" />
      <root url="jar://$PROJECT_DIR$/selenium-java/selenium-chromium-driver-4.11.0-sources.jar!/" />
      <root url="jar://$PROJECT_DIR$/selenium-java/selenium-devtools-v85-4.11.0-sources.jar!/" />
      <root url="jar://$PROJECT_DIR$/selenium-java/selenium-devtools-v113-4.11.0-sources.jar!/" />
      <root url="jar://$PROJECT_DIR$/selenium-java/selenium-devtools-v114-4.11.0-sources.jar!/" />
      <root url="jar://$PROJECT_DIR$/selenium-java/selenium-devtools-v115-4.11.0-sources.jar!/" />
      <root url="jar://$PROJECT_DIR$/selenium-java/selenium-edge-driver-4.11.0-sources.jar!/" />
      <root url="jar://$PROJECT_DIR$/selenium-java/selenium-firefox-driver-4.11.0-sources.jar!/" />
      <root url="jar://$PROJECT_DIR$/selenium-java/selenium-http-4.11.0-sources.jar!/" />
      <root url="jar://$PROJECT_DIR$/selenium-java/selenium-ie-driver-4.11.0-sources.jar!/" />
      <root url="jar://$PROJECT_DIR$/selenium-java/selenium-json-4.11.0-sources.jar!/" />
      <root url="jar://$PROJECT_DIR$/selenium-java/selenium-manager-4.11.0-sources.jar!/" />
      <root url="jar://$PROJECT_DIR$/selenium-java/selenium-remote-driver-4.11.0-sources.jar!/" />
      <root url="jar://$PROJECT_DIR$/selenium-java/selenium-safari-driver-4.11.0-sources.jar!/" />
      <root url="jar://$PROJECT_DIR$/selenium-java/selenium-support-4.11.0-sources.jar!/" />
    </SOURCES>
  </library>
</component>